TN:
SF:index.js
FN:15,(anonymous_0)
FN:18,(anonymous_1)
FN:27,(anonymous_2)
FN:32,(anonymous_3)
FN:42,(anonymous_4)
FN:48,(anonymous_5)
FNF:6
FNH:4
FNDA:1,(anonymous_0)
FNDA:1,(anonymous_1)
FNDA:0,(anonymous_2)
FNDA:2,(anonymous_3)
FNDA:1,(anonymous_4)
FNDA:0,(anonymous_5)
DA:2,1
DA:3,1
DA:4,1
DA:5,1
DA:7,1
DA:10,1
DA:11,1
DA:14,1
DA:16,1
DA:19,1
DA:20,1
DA:24,1
DA:27,1
DA:28,0
DA:32,1
DA:33,2
DA:34,1
DA:37,1
DA:41,1
DA:42,1
DA:43,1
DA:46,1
DA:47,0
DA:48,0
DA:49,0
DA:53,1
LF:26
LH:22
BRDA:33,0,0,1
BRDA:33,0,1,1
BRDA:46,1,0,0
BRDA:46,1,1,1
BRF:4
BRH:3
end_of_record
